<?xml version="1.0" encoding="utf-8"?><testsuites name="pytest tests"><testsuite name="pytest" errors="0" failures="0" skipped="0" tests="20" time="5.200" timestamp="2026-09-09T01:43:46.140513+00:00" hostname="agent-env-56a59e88-577a-4aa5-84aa-01839ab87253"><testcase classname="tests.backend_test.TestPublic" name="test_config" time="0.303" /><testcase classname="tests.backend_test.TestPublic" name="test_products_list" time="0.177" /><testcase classname="tests.backend_test.TestOrders" name="test_create_order_shipping" time="0.481" /><testcase classname="tests.backend_test.TestOrders" name="test_free_shipping_above_300" time="0.127" /><testcase classname="tests.backend_test.TestPublic" name="test_product_detail" time="0.317" /><testcase classname="tests.backend_test.TestOrders" name="test_empty_cart" time="0.142" /><testcase classname="tests.backend_test.TestOrders" name="test_get_order" time="0.146" /><testcase classname="tests.backend_test.TestPublic" name="test_product_404" time="0.134" /><testcase classname="tests.backend_test.TestAdminAuth" name="test_login_wrong_password" time="0.572" /><testcase classname="tests.backend_test.TestOrders" name="test_admin_orders_list" time="0.629" /><testcase classname="tests.backend_test.TestAdminAuth" name="test_me_no_token" time="0.157" /><testcase classname="tests.backend_test.TestOrders" name="test_admin_orders_no_auth" time="0.175" /><testcase classname="tests.backend_test.TestOrders" name="test_admin_status_update" time="0.384" /><testcase classname="tests.backend_test.TestOrders" name="test_admin_status_invalid" time="0.247" /><testcase classname="tests.backend_test.TestAdminAuth" name="test_me_with_token" time="0.598" /><testcase classname="tests.backend_test.TestAdminAuth" name="test_admin_products_no_auth" time="0.295" /><testcase classname="tests.backend_test.TestAdminProducts" name="test_crud" time="1.685" /><testcase classname="tests.backend_test.TestPayPal" name="test_create_paypal_order" time="1.279" /><testcase classname="tests.backend_test.TestPayPal" name="test_webhook_marks_paid" time="0.888" /><testcase classname="tests.backend_test.TestUpload" name="test_upload_and_serve" time="0.611" /></testsuite></testsuites>